\BOOKMARK [0][-]{chapter.1}{\376\377\0002\0000\0002\0004\000\040\0000\0005\000/\0001\0005}{}% 1
\BOOKMARK [1][-]{section.1.1}{\376\377\000特\000殊\000相\000対\000論}{chapter.1}% 2
\BOOKMARK [2][-]{subsection.1.1.1}{\376\377\000ガ\000リ\000レ\000イ\000変\000換}{section.1.1}% 3
\BOOKMARK [2][-]{subsection.1.1.2}{\376\377\000ロ\000ー\000レ\000ン\000ツ\000変\000換}{section.1.1}% 4
\BOOKMARK [1][-]{section.1.2}{\376\377\000\040\000オ\000イ\000ラ\000ー\000ラ\000グ\000ラ\000ン\000ジ\000ュ\000方\000程\000式\000の\000導\000出}{chapter.1}% 5
\BOOKMARK [1][-]{section.1.3}{\376\377\000\040\000エ\000ネ\000ル\000ギ\000ー\000保\000存\000則\000の\000導\000出}{chapter.1}% 6
\BOOKMARK [0][-]{chapter.2}{\376\377\0002\0000\0002\0004\000\040\0000\0005\000/\0002\0002}{}% 7
\BOOKMARK [1][-]{section.2.1}{\376\377\000\040\000特\000殊\000相\000対\000論}{chapter.2}% 8
\BOOKMARK [2][-]{subsection.2.1.1}{\376\377\000\040\000ア\000イ\000ン\000シ\000ュ\000タ\000イ\000ン\000収\000縮}{section.2.1}% 9
\BOOKMARK [1][-]{section.2.2}{\376\377\000\040\000ビ\000リ\000ア\000ル\000定\000理}{chapter.2}% 10
\BOOKMARK [1][-]{section.2.3}{\376\377\000\040\000ケ\000プ\000ラ\000ー\000問\000題}{chapter.2}% 11
\BOOKMARK [2][-]{subsection.2.3.1}{\376\377\000\040\000運\000動\000を\000理\000解\000す\000る\000た\000め\000の\000式\000の\000導\000出}{section.2.3}% 12
\BOOKMARK [2][-]{subsection.2.3.2}{\376\377\000\040\000ケ\000プ\000ラ\000ー\000問\000題\000の\000解}{section.2.3}% 13
\BOOKMARK [0][-]{chapter.3}{\376\377\0002\0000\0002\0004\000\040\0000\0005\000/\0002\0009}{}% 14
\BOOKMARK [1][-]{section.3.1}{\376\377\000\040\000測\000地\000線\000方\000程\000式\000の\000導\000出}{chapter.3}% 15
\BOOKMARK [1][-]{section.3.2}{\376\377\000\040\000ク\000リ\000ス\000ト\000ッ\000フ\000ェ\000ル\000記\000号}{chapter.3}% 16
\BOOKMARK [2][-]{subsection.3.2.1}{\376\377\000\040\000座\000標\000変\000換\000に\000対\000応\000し\000た\000接\000続\000の\000変\000換}{section.3.2}% 17
\BOOKMARK [2][-]{subsection.3.2.2}{\376\377\000\040\000対\000称\000な\000接\000続}{section.3.2}% 18
\BOOKMARK [0][-]{chapter.4}{\376\377\0002\0000\0002\0004\000\040\0000\0006\000/\0000\0005}{}% 19
\BOOKMARK [1][-]{section.4.1}{\376\377\000\040\000シ\000ュ\000ワ\000ル\000ツ\000シ\000ル\000ト\000時\000空\000に\000お\000け\000る\000軌\000道\000の\000予\000測}{chapter.4}% 20
\BOOKMARK [2][-]{subsection.4.1.1}{\376\377\000\040\000具\000体\000的\000な\000測\000地\000線\000方\000程\000式\000の\000導\000出}{section.4.1}% 21
\BOOKMARK [2][-]{subsection.4.1.2}{\376\377\000\040\000軌\000道\000の\000予\000測}{section.4.1}% 22
\BOOKMARK [1][-]{section.4.2}{\376\377\000\040\000共\000変\000微\000分}{chapter.4}% 23
\BOOKMARK [1][-]{section.4.3}{\376\377\000\040\000リ\000ー\000マ\000ン\000曲\000率\000テ\000ン\000ソ\000ル}{chapter.4}% 24
\BOOKMARK [0][-]{chapter.5}{\376\377\0002\0000\0002\0004\000\040\0000\0006\000/\0001\0002}{}% 25
\BOOKMARK [1][-]{section.5.1}{\376\377\000\040\000共\000変\000微\000分\000と\000リ\000ー\000マ\000ン\000テ\000ン\000ソ\000ル}{chapter.5}% 26
\BOOKMARK [1][-]{section.5.2}{\376\377\000\040\000ビ\000ア\000ン\000キ\000の\000恒\000等\000式}{chapter.5}% 27
\BOOKMARK [0][-]{chapter.6}{\376\377\0002\0000\0002\0004\000\040\0000\0006\000/\0001\0009}{}% 28
\BOOKMARK [1][-]{section.6.1}{\376\377\000\040\000シ\000ュ\000ワ\000ル\000ツ\000シ\000ル\000ト\000時\000空\000の\000円\000軌\000道\000に\000お\000け\000る\000角\000運\000動\000量\000と\000エ\000ネ\000ル\000ギ\000ー}{chapter.6}% 29
\BOOKMARK [2][-]{subsection.6.1.1}{\376\377\000\040\000エ\000ネ\000ル\000ギ\000ー}{section.6.1}% 30
\BOOKMARK [2][-]{subsection.6.1.2}{\376\377\000\040\000角\000運\000動\000量}{section.6.1}% 31
\BOOKMARK [1][-]{section.6.2}{\376\377\000\040\000円\000軌\000道\000の\000安\000定\000性}{chapter.6}% 32
\BOOKMARK [0][-]{chapter.7}{\376\377\0002\0000\0002\0004\000\040\0000\0006\000/\0002\0006}{}% 33
\BOOKMARK [1][-]{section.7.1}{\376\377\000\040\000ア\000イ\000ン\000シ\000ュ\000タ\000イ\000ン\000テ\000ン\000ソ\000ル}{chapter.7}% 34
\BOOKMARK [1][-]{section.7.2}{\376\377\000\040\000シ\000ュ\000ワ\000ル\000ツ\000シ\000ル\000ト\000時\000空\000に\000お\000け\000る\000光\000の\000軌\000道}{chapter.7}% 35
\BOOKMARK [1][-]{section.7.3}{\376\377\000\040\000ニ\000ュ\000ー\000ト\000ン\000力\000学\000と\000相\000対\000論\000に\000お\000け\000る\000二\000体\000問\000題\000の\000比\000較}{chapter.7}% 36
